2026-01-17T10:19:21 | touched: scripts/interact.js
2026-01-14T04:29:01 | touched: scripts/api-server.js
2026-01-06T23:56:12 | touched: README.md
2026-01-05T02:48:33 | touched: scripts/api-server.js
2026-01-21T13:48:25 | touched: scripts/deploy.js
2026-01-04T23:13:19 | touched: README.md
2025-01-27T03:44:37 | touched: scripts/cli.js
2025-01-20T02:30:20 | touched: test/Lightgbmpro.test.js
2026-01-17T07:01:19 | touched: scripts/frontend-integration.js
2026-01-12T07:40:07 | touched: scripts/frontend-integration.js
2025-01-16T22:00:50 | touched: contracts/Lightgbmpro.sol
2025-08-18T22:38:56 | touched: scripts/deploy.js
2025-06-15T20:02:32 | touched: package.json
2025-05-10T21:50:45 | touched: scripts/api-server.js
2025-02-11T01:06:12 | touched: scripts/cli.js
2025-04-09T22:57:29 | touched: package.json
2025-11-23T07:29:47 | touched: README.md
2025-07-21T13:18:38 | touched: .env.example
2025-10-23T09:55:45 | touched: test/Lightgbmpro.test.js
2025-03-12T03:41:53 | touched: scripts/interact.js
2025-03-27T17:45:16 | touched: scripts/api-server.js
2025-07-23T21:22:52 | touched: test/Lightgbmpro.test.js
2025-12-19T18:09:25 | touched: .env.example
2025-12-19T10:55:05 | touched: scripts/cli.js
2025-04-17T22:36:28 | touched: scripts/deploy.js
2025-07-25T08:49:39 | touched: contracts/Lightgbmpro.sol
2025-01-29T06:22:42 | touched: scripts/api-server.js
2025-09-09T15:12:39 | touched: scripts/api-server.js
2025-10-01T15:23:14 | touched: LICENSE
2025-06-01T15:10:27 | touched: scripts/deploy.js
2025-05-23T12:28:07 | touched: scripts/deploy.js
2025-04-20T03:26:01 | touched: scripts/deploy.js
2025-09-19T18:28:12 | touched: contracts/Lightgbmpro.sol
2025-02-24T17:24:14 | touched: README.md
2025-12-02T19:30:12 | touched: scripts/frontend-integration.js
2025-03-26T14:32:22 | touched: LICENSE
2025-10-16T01:45:25 | touched: README.md
2025-10-15T18:24:34 | touched: README.md
